<?xml version="1.0" encoding="UTF-8"?>
<!-- Generated by org.testng.reporters.JUnitReportReporter -->
<testsuite hostname="LAPTOP-KQ95BOLL" failures="0" tests="5" name="codes.FirstAssignment" time="10.798" errors="0" timestamp="2025-07-04T14:00:00 IST" skipped="0">
  <testcase classname="codes.FirstAssignment" name="TestCaseOne" time="0.471"/>
  <system-out/>
  <testcase classname="codes.FirstAssignment" name="TestCaseTwoAdminPAge" time="2.487"/>
  <system-out/>
  <testcase classname="codes.FirstAssignment" name="TestCaseThree" time="2.211"/>
  <system-out/>
  <testcase classname="codes.FirstAssignment" name="TestCaseFour" time="4.775"/>
  <system-out/>
  <testcase classname="codes.FirstAssignment" name="TestCaseFive" time="0.854"/>
  <system-out/>
</testsuite> <!-- codes.FirstAssignment -->
