<?xml version="1.0" encoding="UTF-8"?>
<!-- Generated by org.testng.reporters.JUnitReportReporter -->
<testsuite hostname="LAPTOP-KQ95BOLL" failures="0" tests="1" name="codes.TwelvethAssignment" time="17.296" errors="0" timestamp="2025-07-09T19:13:04 IST" skipped="0">
  <testcase classname="codes.TwelvethAssignment" name="TestCase" time="17.296"/>
  <system-out/>
</testsuite> <!-- codes.TwelvethAssignment -->
