<?xml version="1.0" encoding="UTF-8"?>
<!-- Generated by org.testng.reporters.JUnitReportReporter -->
<testsuite hostname="LAPTOP-KQ95BOLL" failures="0" tests="6" name="codes.First" time="10.435" errors="0" timestamp="2025-06-18T15:46:53 IST" skipped="0">
  <testcase classname="codes.First" name="testcase" time="1.950"/>
  <system-out/>
  <testcase classname="codes.First" name="TestCase1" time="0.021"/>
  <system-out/>
  <testcase classname="codes.First" name="TestCase2" time="5.685"/>
  <system-out/>
  <testcase classname="codes.First" name="TestCase3" time="1.509"/>
  <system-out/>
  <testcase classname="codes.First" name="TestCase4" time="1.145"/>
  <system-out/>
  <testcase classname="codes.First" name="TestCase5" time="0.125"/>
  <system-out/>
</testsuite> <!-- codes.First -->
