<?xml version="1.0" encoding="UTF-8"?>
<!-- Generated by org.testng.reporters.JUnitReportReporter -->
<testsuite hostname="LAPTOP-KQ95BOLL" failures="0" tests="2" name="codes.Practice" time="1.426" errors="0" timestamp="2025-07-01T14:25:03 IST" skipped="0">
  <testcase classname="codes.Practice" name="TestCase2" time="0.710"/>
  <system-out/>
  <testcase classname="codes.Practice" name="TestCase" time="0.716"/>
  <system-out/>
</testsuite> <!-- codes.Practice -->
