<?xml version="1.0" encoding="UTF-8"?>
<!-- Generated by org.testng.reporters.JUnitReportReporter -->
<testsuite hostname="LAPTOP-KQ95BOLL" failures="0" tests="1" name="codes.SecondAssignment" time="1.417" errors="0" timestamp="2025-06-25T22:35:54 IST" skipped="0">
  <testcase classname="codes.SecondAssignment" name="Locators" time="1.417"/>
  <system-out/>
</testsuite> <!-- codes.SecondAssignment -->
