<?xml version="1.0" encoding="UTF-8"?>
<!-- Generated by org.testng.reporters.JUnitReportReporter -->
<testsuite hostname="LAPTOP-KQ95BOLL" failures="0" tests="1" name="codes.Practice" time="0.263" errors="0" timestamp="2025-07-01T11:44:45 IST" skipped="0">
  <testcase classname="codes.Practice" name="TestCase" time="0.263"/>
  <system-out/>
</testsuite> <!-- codes.Practice -->
