<?xml version="1.0" encoding="UTF-8"?>
<!-- Generated by org.testng.reporters.JUnitReportReporter -->
<testsuite hostname="LAPTOP-KQ95BOLL" failures="0" tests="4" name="codes.TenthAssignment" time="9.954" errors="0" timestamp="2025-07-09T17:57:56 IST" skipped="0">
  <testcase classname="codes.TenthAssignment" name="TestCaseOne" time="1.682"/>
  <system-out/>
  <testcase classname="codes.TenthAssignment" name="TestCaseTwo" time="4.765"/>
  <system-out/>
  <testcase classname="codes.TenthAssignment" name="TestCaseThree" time="3.033"/>
  <system-out/>
  <testcase classname="codes.TenthAssignment" name="TestCaseFour" time="0.474"/>
  <system-out/>
</testsuite> <!-- codes.TenthAssignment -->
