<?xml version="1.0" encoding="UTF-8"?>
<!-- Generated by org.testng.reporters.JUnitReportReporter -->
<testsuite hostname="LAPTOP-KQ95BOLL" failures="0" tests="1" name="codes.SixthAssignment" time="0.213" errors="0" timestamp="2025-07-03T19:11:52 IST" skipped="0">
  <testcase classname="codes.SixthAssignment" name="TestCase" time="0.213"/>
  <system-out/>
</testsuite> <!-- codes.SixthAssignment -->
