<?xml version="1.0" encoding="UTF-8"?>
<!-- Generated by org.testng.reporters.JUnitReportReporter -->
<testsuite hostname="LAPTOP-KQ95BOLL" failures="0" tests="4" name="codes.FirstAssignment" time="14.362" errors="0" timestamp="2025-06-25T20:34:34 IST" skipped="0">
  <testcase classname="codes.FirstAssignment" name="TestCaseOne" time="2.321"/>
  <system-out/>
  <testcase classname="codes.FirstAssignment" name="TestCaseTwoAdminPAge" time="1.681"/>
  <system-out/>
  <testcase classname="codes.FirstAssignment" name="TestCaseThree" time="4.412"/>
  <system-out/>
  <testcase classname="codes.FirstAssignment" name="TestCaseFour" time="5.948"/>
  <system-out/>
</testsuite> <!-- codes.FirstAssignment -->
