<?xml version="1.0" encoding="UTF-8"?>
<!-- Generated by org.testng.reporters.JUnitReportReporter -->
<testsuite hostname="LAPTOP-KQ95BOLL" failures="0" tests="3" name="codes.SeventhAssignment" time="9.478" errors="0" timestamp="2025-07-04T11:46:45 IST" skipped="0">
  <testcase classname="codes.SeventhAssignment" name="TestCase1" time="0.504"/>
  <system-out/>
  <testcase classname="codes.SeventhAssignment" name="TestCase2" time="1.372"/>
  <system-out/>
  <testcase classname="codes.SeventhAssignment" name="TestCase3" time="7.602"/>
  <system-out/>
</testsuite> <!-- codes.SeventhAssignment -->
