<?xml version="1.0" encoding="UTF-8"?>
<!-- Generated by org.testng.reporters.JUnitReportReporter -->
<testsuite hostname="LAPTOP-KQ95BOLL" failures="0" tests="3" name="codes.FourtheenAssignment" time="8.004" errors="0" timestamp="2025-07-15T16:46:25 IST" skipped="0">
  <testcase classname="codes.FourtheenAssignment" name="TestCaseOne" time="3.701"/>
  <system-out/>
  <testcase classname="codes.FourtheenAssignment" name="TestCaseTwoAdminPAge" time="1.747"/>
  <system-out/>
  <testcase classname="codes.FourtheenAssignment" name="TestCaseThree" time="2.556"/>
  <system-out/>
</testsuite> <!-- codes.FourtheenAssignment -->
