<?xml version="1.0" encoding="UTF-8"?>
<!-- Generated by org.testng.reporters.JUnitReportReporter -->
<testsuite hostname="LAPTOP-KQ95BOLL" failures="0" tests="2" name="codes.ThirdAssignmenet" time="5.973" errors="0" timestamp="2025-07-02T16:14:49 IST" skipped="0">
  <testcase classname="codes.ThirdAssignmenet" name="TestCase1" time="0.308"/>
  <system-out/>
  <testcase classname="codes.ThirdAssignmenet" name="TestCase2" time="5.665"/>
  <system-out/>
</testsuite> <!-- codes.ThirdAssignmenet -->
