<?xml version="1.0" encoding="UTF-8"?>
<!-- Generated by org.testng.reporters.JUnitReportReporter -->
<testsuite hostname="LAPTOP-KQ95BOLL" failures="0" tests="3" name="codes.EightAssignment" time="1.822" errors="0" timestamp="2025-07-08T12:15:52 IST" skipped="0">
  <testcase classname="codes.EightAssignment" name="SimpleAlerts" time="0.799"/>
  <system-out/>
  <testcase classname="codes.EightAssignment" name="ConformationAlertsAcceptOption" time="0.568"/>
  <system-out/>
  <testcase classname="codes.EightAssignment" name="ConformationAlertsRejectOption" time="0.455"/>
  <system-out/>
</testsuite> <!-- codes.EightAssignment -->
