<?xml version="1.0" encoding="UTF-8"?>
<!-- Generated by org.testng.reporters.JUnitReportReporter -->
<testsuite hostname="LAPTOP-KQ95BOLL" failures="0" tests="1" name="codes.BrokenLinks" time="162.288" errors="0" timestamp="2025-07-08T15:05:07 IST" skipped="0">
  <testcase classname="codes.BrokenLinks" name="TestCaseOne" time="162.288"/>
  <system-out/>
</testsuite> <!-- codes.BrokenLinks -->
