<?xml version="1.0" encoding="UTF-8"?>
<!-- Generated by org.testng.reporters.JUnitReportReporter -->
<testsuite hostname="LAPTOP-KQ95BOLL" failures="0" tests="1" name="codes.Second" time="25.259" errors="0" timestamp="2025-06-13T15:54:29 IST" skipped="0">
  <testcase classname="codes.Second" name="TestCase5" time="25.259"/>
  <system-out/>
</testsuite> <!-- codes.Second -->
