<?xml version="1.0" encoding="UTF-8"?>
<!-- Generated by org.testng.reporters.JUnitReportReporter -->
<testsuite hostname="LAPTOP-KQ95BOLL" failures="0" tests="5" name="codes.FirstAssignment" time="10.887" errors="0" timestamp="2025-07-03T15:27:30 IST" skipped="0">
  <testcase classname="codes.FirstAssignment" name="TestCaseOne" time="0.494"/>
  <system-out/>
  <testcase classname="codes.FirstAssignment" name="TestCaseTwoAdminPAge" time="2.630"/>
  <system-out/>
  <testcase classname="codes.FirstAssignment" name="TestCaseThree" time="2.604"/>
  <system-out/>
  <testcase classname="codes.FirstAssignment" name="TestCaseFour" time="4.754"/>
  <system-out/>
  <testcase classname="codes.FirstAssignment" name="TestCaseFive" time="0.405"/>
  <system-out/>
</testsuite> <!-- codes.FirstAssignment -->
