<?xml version="1.0" encoding="UTF-8"?>
<!-- Generated by org.testng.reporters.JUnitReportReporter -->
<testsuite hostname="LAPTOP-KQ95BOLL" failures="0" tests="2" name="codes.SeventhAssignment" time="0.984" errors="0" timestamp="2025-07-03T18:32:24 IST" skipped="0">
  <testcase classname="codes.SeventhAssignment" name="TestCase1" time="0.338"/>
  <system-out/>
  <testcase classname="codes.SeventhAssignment" name="TestCase2" time="0.646"/>
  <system-out/>
</testsuite> <!-- codes.SeventhAssignment -->
