<?xml version="1.0" encoding="UTF-8"?>
<!-- Generated by org.testng.reporters.JUnitReportReporter -->
<testsuite hostname="LAPTOP-KQ95BOLL" failures="0" tests="1" name="codes.NinthAssignment" time="10.872" errors="0" timestamp="2025-07-07T19:56:30 IST" skipped="0">
  <testcase classname="codes.NinthAssignment" name="Testcase1" time="10.872"/>
  <system-out/>
</testsuite> <!-- codes.NinthAssignment -->
