<?xml version="1.0" encoding="UTF-8"?>
<!-- Generated by org.testng.reporters.JUnitReportReporter -->
<testsuite hostname="LAPTOP-KQ95BOLL" failures="0" tests="1" name="codes.Third" time="6.868" errors="0" timestamp="2025-06-13T20:10:47 IST" skipped="0">
  <testcase classname="codes.Third" name="TestCase1" time="6.868"/>
  <system-out/>
</testsuite> <!-- codes.Third -->
