<?xml version="1.0" encoding="UTF-8"?>
<!-- Generated by org.testng.reporters.JUnitReportReporter -->
<testsuite hostname="LAPTOP-KQ95BOLL" failures="0" tests="3" name="codes.FourtheenAssignment" time="6.229" errors="0" timestamp="2025-07-15T16:11:12 IST" skipped="0">
  <testcase classname="codes.FourtheenAssignment" name="TestCaseOne" time="1.778"/>
  <system-out/>
  <testcase classname="codes.FourtheenAssignment" name="TestCaseTwoAdminPAge" time="2.336"/>
  <system-out/>
  <testcase classname="codes.FourtheenAssignment" name="TestCaseThree" time="2.115"/>
  <system-out/>
</testsuite> <!-- codes.FourtheenAssignment -->
